4898 2330
 244   90
 242   92
 240  222
  78  220
  78  218
  80  220
  80  222
  80  244
 240  222
 244   92
 242   92
 240   90
 242   96
1286   92
 240   92
 244   94
 238  224
  80  220
  78  222
  80  222
  78  220
  80  336
 238  222
 242   92
 240   92
 246   94
 246   92
 242   92
 240   92
 242   90
 242  222
  78  218
  78  220
  74  226
  76  216
  80  242
 242  222
 246   92
 242   90
 244   92
 240   92
 240   92
 242   92
 242   92
 240  222
  76  218
  82  220
  80  220
  80  222
  80  242
1266  218
 246   90
 240   92
 242   92
 242   92
 246   92
 244   92
 240   92
 482  220
  78  218
  78  222
  80  220
  80  222
  80  244
 242  218
 244   94
 242   92
 242   92
 242   92
 240   94
 238   92
 244   92
 240  222
  80  228
  80  220
  76  220
  76  218
  78  240
 244  220
 242   90
 240   94
 244   92
 242   92
 240   92
 244   94
 244   92
 246  220
  80  904
  78  222
  80  218
  78  218
  82  244
 240  220
 244   92
 244   92
 408   92
 240   92
 242   92
 242   92
 244   92
 240  222
  76  218
  78  220
  80  220
  80  222
  74  242
 242  220
 242   90
 244   92
 246   92
 240   92
 246   92
 242   92
 246   90
 242  218
  82  220
  78  220
  78  220
  76  226
  78  242
 244  218
 240   90
 240   92
 242   94
1002   92
 240   92
 240   92
 244   94
 244  220
  78  224
  78  220
  76  226
  78  218
  78  240
 246  220
 240   92
 242   90
 244   94
 240   92
 240   92
 242   90
 242  220
 246  222
  80  220
  80  220
  76  226
  76  242
 240  220
 248   92
 246   90
 244   92
 242   92
 244   94
 242   92
 238   92
 246  218
  78  220
  76  218
  76  218
  78  220
  76  244
 904  218
 240   92
 242   92
 242   92
 240   94
 238   92
 242   92
 238   92
 246  224
  78  218
  78  216
  76  218
  78  220
  76  240
 242  220
 240   92
 240   90
 244   92
 244   90
 242   92
 246   90
 240   92
 240  220
  80  220
  82  222
  80  220
  80  220
  80  244
 242  222
 244   90
 242   90
 242   92
 244   92
 240   92
 242   92
 242   92
 242  220
  80  506
  76  218
  80  222
  80  224
  78  242
 238  220
 242   90
 242   92
 242   92
 238   92
 238   92
 246   92
 246   90
 240  220
  80  216
  78  220
  76  218
  76  220
  78  244
 242  218
 242   92
 238   90
 242   92
 242   92
 238   92
 238   92
 240   92
 240  218
  80  218
  78 1066
  80  218
  78  220
  80  242
 242  222
 244   88
 244   92
 240   92
 600   92
 242   90
 244   92
 244   92
 244  220
  78  220
  78  226
  78  218
  78  218
  78  242
 240  220
 244   90
 240   92
 244   90
 244   92
 240   92
 242   92
 242   90
 246  220
  78  220
  82  222
  80  220
  78  222
  78  240
 242  218
 242   92
 240   92
 242   92
 242   92
1270   92
 242   92
 240   92
 242  220
  80  218
  82  218
  78  220
  78  218
  80  238
 242  222
 240   92
 244   92
 240   94
 244   92
 246   92
 236   92
 242   92
 242  218
  80  218
  76  218
  80  220
  76  220
  80  242
 246  222
 244   92
 242   92
 238   92
 240   90
 242   92
 242   92
 238   92
 238  222
  80  224
  80  220
  76  218
  80  220
  80  242
1106  216
 242   92
 242   94
 244   92
 242   92
 242   92
 242   92
 238   90
 364  220
  80  220
  78  218
  76  220
  80  224
  78  240
 244  218
 246   92
 242   92
 242   92
 242   90
 242   92
 246   92
 242  222
 238  226
  78  218
  76  218
  76  218
  78  242
 240  222
 218   92
 240   90
 244   92
 240   92
 242   92
 242   92
 244   92
 246  222
  80  226
  80  780
  80  222
  80  220
  78  244
 242  220
 242   92
 240   92
 244   92
 252   92
 240   92
 242   92
 240   92
 236  220
  80  220
  80  224
  78  226
  80  218
  78  242
 242  220
 244   92
 246   92
 242   92
 240   90
 244   92
 242   92
 242   92
 240  222
  78  220
  78  220
  78 1386
  78  224
  80  242
 240  220
 240   92
 242   92
 240   90
 240   94
 888   94
 242   92
 240   92
 244  218
  78  218
  78  218
  78  220
  80  220
  78  244
 244  220
 244   90
 240   92
 240   94
 246   92
 244   92
 242   92
 242   92
 242  218
  78  220
  76  220
  76  218
  80  218
  80  244
 242  222
 240   94
 244   92
 242   92
 240   92
 238   92
 244   92
 240   92
 242  220
  80  220
  74  218
  76  222
  80  218
  74  240
 696  220
 238   92
 242   92
 238   92
 240   94
 242   92
 242   92
 242   90
 240  222
  82  218
  76  218
  78  220
  78  216
  76  242
 242  218
 238   92
 240   90
 242   92
 240   92
 240   92
 242   92
 242   92
 240  218
  78  220
  80  222
  82  220
  78  222
  80  240
 242  218
1328   92
 242   92
 242   92
 244   92
 242   90
 240   92
 244   92
 242  220
  80  364
  78  220
  78  220
  78  220
  78  240
 242  220
 242   92
 246   92
 246   90
 244   90
 240   92
 242   92
 242   92
 234  220
  80  220
  76  218
  80  224
  78  216
  80  242
 242  220
 246   92
 240   94
 242   92
 242   92
 242   92
 244   92
 244   90
 246  218
  78  220
  80 1070
  76  220
  80  222
  76  242
 246  220
 244   92
 242   92
 240   92
 496   92
 242   92
 242   92
 244  218
 292  218
  78  222
  78  218
  76  218
  80  242
 242  216
 222   90
 240   92
 240   92
 242   92
 242   94
 242   92
 240   94
 240  222
  78  218
  76  226
  80  220
  74  220
  78  240
 244  222
 242   92
 240   92
 242   92
 242   94
 242   90
1098   92
 242   92
 238  222
  78  214
  80  222
  76  218
  78  226
  80  244
 298  222
 240   92
 246   94
 242   92
 240   92
 240   92
 240   90
 242   92
 240  222
  78  222
  80  220
  80  224
  78  222
  80  244
 244  218
 244   92
 238   92
 240   92
 244   92
 246   90
 244   92
 238   92
 240  220
  80  220
  78  220
  78  218
  78  220
  74  242
 242  218
 852   92
 244   92
 240   92
 242   92
 242   90
 242   90
 242   94
 240  220
  78  222
  80  220
  78  220
  76  216
  76  242
 244  220
 240   92
 242   92
 240   92
 246   90
 240   92
 242   92
 240   92
 244  218
  78  218
  76  220
  80  220
  78  222
  78  244
 238  222
 244   92
 240   92
 246   92
 244   90
 242   92
 240   92
 240   92
 246  222
  78  220
  76  596
  78  226
  78  220
  78  242
 240  222
 242   92
 244   92
 244   92
 244   94
 240   92
 244   90
 242   90
 242  220
  78  222
  78  220
  78  220
  78  220
  74  244
 242  222
 244   92
 242   92
 242   96
 242   94
 240   92
 242   92
 244   90
 242  224
  80  220
  80  226
  80 1166
  76  220
  80  240
 240  222
 240   92
 244   92
 240   90
 242   92
 692   92
 242   94
 244   90
 240  222
  82  220
  82  220
  78  218
  78  228
  78  242
 238  222
 242   92
 244   90
 246   90
 242   92
 242   90
 240   92
 242   94
 240  220
  78  220
  80  220
  80  222
  78  218
  78  242
 236  220
 244   92
 244   90
 240   92
 244   92
 240   96
1310   92
 242  220
 188  220
  76  218
  78  218
  78  222
  80  244
 240  220
 502   92
 244   92
 242   92
 242   92
 242   92
 240   92
 244   92
 242  218
  76  220
  78  220
  82  220
  80  220
  80  240
 238  220
 240   92
 240   92
 244   92
 244   92
 242   92
 240   88
 242   92
 240  222
  76  216
  80  218
  78  222
  80  220
  76  242
 242  218
 242   92
1126   94
 240   94
 242   92
 238   92
 240   94
 244   92
 244  220
  78  220
  80  218
  80  220
  78  218
  80  244
 244  222
 242   92
 240   92
 246   92
 240   92
 244   92
 240   92
 242   92
 244  220
  78  226
  80  220
  80  220
  80  220
  78  242
 240  220
 242   96
 240   92
 246   90
 240   92
 244   92
 246   94
 242   92
 244  220
  78  218
  84  218
  76  776
  82  216
  78  242
 242  220
 242   92
 242   92
 242   92
 246   90
 244   92
 240   92
 238   90
 240  222
  78  218
  82  218
  78  218
  78  220
  80  240
 244  218
 244   92
 244   92
 240   92
 242   92
 238   92
 244   92
 242   92
 242  218
  78  218
  78  218
  78  220
  78 1326
  78  242
 244  220
 246   92
 246   92
 240   92
 242   92
 244   92
 824   90
 246   94
 240  220
  78  224
  80  222
  78  220
  80  218
  80  244
 242  220
 246   92
 244   92
 242   92
 242   92
 242   90
 244   92
 242   92
 242  220
  78  218
  82  220
  78  222
  78  218
  80  240
 242  220
 242   92
 242   92
 244   90
 240   92
 244   92
 248   92
1452   92
 240  220
  78  218
  76  222
  78  218
  78  218
  78  242
 238  222
 610   92
 240   90
 244   92
 240   92
 244   92
 238   92
 246  216
 244  224
  76  218
  78  220
  76  220
  80  244
 242  222
 242   90
 248   92
 242   92
 242   90
 246   94
 242   90
 242   92
 238  222
  78  216
  78  220
  80  218
  78  222
  80  242
 244  224
 242   92
 246   90
1240   88
 244   92
 242   92
 244   92
 240   90
 242  220
  78  222
  78  220
  80  322
  80  220
  78  240
 242  220
 242   92
 244   92
 240   92
 242   90
 246   94
 242   90
 238   92
 244  220
  82  218
  78  216
  80  218
  78  220
  80  244
 238  220
 246   94
 240   94
 240   92
 244   90
 240   92
 244   90
 244   92
 242  218
  80  218
  78  220
  78  220
  78  960
  78  240
 242  222
 242   92
 242   92
 240   90
 242   94
 246   92
 366   90
 240   92
 240  220
  78  222
  80  218
  76  220
  80  218
  80  240
 242  220
 242   94
 238   92
 242   92
 244   90
 238   92
 240   92
 242   92
 242  222
  80  218
  80  220
  76  220
  80  226
  80  240
 240  222
 240   92
 246   92
 244   92
 242   90
 244   92
 240   92
1088   92
 244  218
  78  220
  80  218
  78  220
  76  218
  78  240
 246  220
 322   92
 240   94
 242   92
 244   92
 242   94
 244   92
 242   90
 240  218
  78  222
  80  220
  78  220
  82  222
  80  240
 242  220
 242   94
 238   92
 242   94
 242   92
 244   92
 240   92
 244   94
 242 1426
  78  220
  76  226
  80  222
  80  220
  78  240
 244  218
 244   92
 834   92
 242   92
 244   90
 242   90
 242   90
 242   92
 242  220
  80  218
  76  218
  76  218
  78  218
  78  244
 246  222
 240   92
 238   94
 242   90
 244   90
 240   92
 242   92
 242   92
 242  220
  80  218
  78  218
  80  220
  78  220
  80  238
 242  220
 246   92
 242   94
 242   88
 240   90
 242   92
 244   94
 242  220
 244  222
  80  216
  80  216
  78  572
  78  242
 242  222
 218   92
 238   90
 242   92
 240   94
 244   92
 238   92
 244   92
 246  218
  76  220
  78  222
  78  218
  78  216
  78  242
 242  220
 236   92
 242   92
